<?xml version="1.0" encoding="UTF-8"?>
<testsuite xmlns:xsi="http://www.w3.org/2001/XMLSchema-instance" xsi:noNamespaceSchemaLocation="https://maven.apache.org/surefire/maven-surefire-plugin/xsd/surefire-test-report.xsd" version="3.0.2" name="com.quantview.controller.StockControllerTest" time="3.556" tests="5" errors="0" skipped="0" failures="0">
  <properties>
[...]
</properties>
  <testcase name="analyze_validTicker_returnsRawJson" classname="com.quantview.controller.StockControllerTest" time="0.361">
    <system-out><![CDATA[17:04:05.365 [main] INFO org.springframework.test.context.support.AnnotationConfigContextLoaderUtils -- Could not detect default configuration classes for test class [com.quantview.controller.StockControllerTest]: StockControllerTest does not declare any static, non-private, non-final, nested classes annotated with @Configuration.
17:04:05.484 [main] INFO org.springframework.boot.test.context.SpringBootTestContextBootstrapper -- Found @SpringBootConfiguration com.quantview.QuantViewApplication for test class com.quantview.controller.StockControllerTest

  .   ____          _            __ _ _
 /\\ / ___'_ __ _ _(_)_ __  __ _ \ \ \ \
( ( )\___ | '_ | '_| | '_ \/ _` | \ \ \ \
 \\/  ___)| |_)| | | | | || (_| |  ) ) ) )
  '  |____| .__|_| |_|_| |_\__, | / / / /
 =========|_|==============|___/=/_/_/_/

 :: Spring Boot ::                (v3.4.3)

2026-04-03T17:04:05.785+05:30  INFO 161653 --- [           main] c.q.controller.StockControllerTest       : Starting StockControllerTest using Java 21.0.10 with PID 161653 (started by lutera in /home/lutera/Documents/Documents/WORK/new quant/backend)
2026-04-03T17:04:05.786+05:30  INFO 161653 --- [           main] c.q.controller.StockControllerTest       : No active profile set, falling back to 1 default profile: "default"
2026-04-03T17:04:06.222+05:30  INFO 161653 --- [           main] .s.d.r.c.RepositoryConfigurationDelegate : Bootstrapping Spring Data JPA repositories in DEFAULT mode.
2026-04-03T17:04:06.269+05:30  INFO 161653 --- [           main] .s.d.r.c.RepositoryConfigurationDelegate : Finished Spring Data repository scanning in 33 ms. Found 2 JPA repository interfaces.
2026-04-03T17:04:06.606+05:30  INFO 161653 --- [           main] o.hibernate.jpa.internal.util.LogHelper  : HHH000204: Processing PersistenceUnitInfo [name: default]
2026-04-03T17:04:06.636+05:30  INFO 161653 --- [           main] org.hibernate.Version                    : HHH000412: Hibernate ORM core version 6.6.8.Final
2026-04-03T17:04:06.658+05:30  INFO 161653 --- [           main] o.h.c.internal.RegionFactoryInitiator    : HHH000026: Second-level cache disabled
2026-04-03T17:04:06.821+05:30  INFO 161653 --- [           main] o.s.o.j.p.SpringPersistenceUnitInfo      : No LoadTimeWeaver setup: ignoring JPA class transformer
2026-04-03T17:04:06.838+05:30  INFO 161653 --- [           main] com.zaxxer.hikari.HikariDataSource       : HikariPool-1 - Starting...
2026-04-03T17:04:06.953+05:30  INFO 161653 --- [           main] com.zaxxer.hikari.pool.HikariPool        : HikariPool-1 - Added connection conn0: url=jdbc:h2:mem:testdb user=SA
2026-04-03T17:04:06.955+05:30  INFO 161653 --- [           main] com.zaxxer.hikari.HikariDataSource       : HikariPool-1 - Start completed.
2026-04-03T17:04:06.992+05:30  INFO 161653 --- [           main] org.hibernate.orm.connections.pooling    : HHH10001005: Database info:
	Database JDBC URL [Connecting through datasource 'HikariDataSource (HikariPool-1)']
	Database driver: undefined/unknown
	Database version: 2.3.232
	Autocommit mode: undefined/unknown
	Isolation level: undefined/unknown
	Minimum pool size: undefined/unknown
	Maximum pool size: undefined/unknown
2026-04-03T17:04:07.513+05:30  INFO 161653 --- [           main] o.h.e.t.j.p.i.JtaPlatformInitiator       : HHH000489: No JTA platform available (set 'hibernate.transaction.jta.platform' to enable JTA platform integration)
2026-04-03T17:04:07.534+05:30  INFO 161653 --- [           main] j.LocalContainerEntityManagerFactoryBean : Initialized JPA EntityManagerFactory for persistence unit 'default'
2026-04-03T17:04:07.848+05:30  WARN 161653 --- [           main] JpaBaseConfiguration$JpaWebConfiguration : spring.jpa.open-in-view is enabled by default. Therefore, database queries may be performed during view rendering. Explicitly configure spring.jpa.open-in-view to disable this warning
2026-04-03T17:04:08.132+05:30  INFO 161653 --- [           main] o.s.b.t.m.w.SpringBootMockServletContext : Initializing Spring TestDispatcherServlet ''
2026-04-03T17:04:08.133+05:30  INFO 161653 --- [           main] o.s.t.web.servlet.TestDispatcherServlet  : Initializing Servlet ''
2026-04-03T17:04:08.134+05:30  INFO 161653 --- [           main] o.s.t.web.servlet.TestDispatcherServlet  : Completed initialization in 1 ms
2026-04-03T17:04:08.168+05:30  INFO 161653 --- [           main] c.q.controller.StockControllerTest       : Started StockControllerTest in 2.577 seconds (process running for 3.295)
[Startup] Checking Python ML engine at http://localhost:5000/health ...
============================================================
  WARNING: Python ML engine is UNREACHABLE
  URL: http://localhost:5000
  Error: I/O error on GET request for "http://localhost:5000/health": Connection refused
  Stock predictions will return 503 until Python is started.
============================================================
[StockController] /api/stocks/analyze?ticker=MSFT
[StockService] Raw proxy to: http://localhost:5000/predict?ticker=MSFT
]]></system-out>
    <system-err><![CDATA[Mockito is currently self-attaching to enable the inline-mock-maker. This will no longer work in future releases of the JDK. Please add Mockito as an agent to your build what is described in Mockito's documentation: https://javadoc.io/doc/org.mockito/mockito-core/latest/org/mockito/Mockito.html#0.3
WARNING: A Java agent has been loaded dynamically (/home/lutera/.m2/repository/net/bytebuddy/byte-buddy-agent/1.15.11/byte-buddy-agent-1.15.11.jar)
WARNING: If a serviceability tool is in use, please run with -XX:+EnableDynamicAgentLoading to hide this warning
WARNING: If a serviceability tool is not in use, please run with -Djdk.instrument.traceUsage for more information
WARNING: Dynamic loading of agents will be disallowed by default in a future release
]]></system-err>
  </testcase>
  <testcase name="health_returnsOk" classname="com.quantview.controller.StockControllerTest" time="0.044"/>
  <testcase name="predict_invalidTickerFormat_returnsBadRequest" classname="com.quantview.controller.StockControllerTest" time="0.008">
    <system-out><![CDATA[[StockController] /api/stock/predict?ticker=!!!INVALID!!!
]]></system-out>
  </testcase>
  <testcase name="predict_validTicker_returnsWrappedSuccess" classname="com.quantview.controller.StockControllerTest" time="0.169">
    <system-out><![CDATA[[StockController] /api/stock/predict?ticker=AAPL
[StockService] Cache MISS for AAPL
[StockService] Calling Python: http://localhost:5000/predict?ticker=AAPL
[StockService] Python responded: 200 OK
[StockService] Cached prediction for AAPL
]]></system-out>
  </testcase>
  <testcase name="predict_missingTicker_returnsBadRequest" classname="com.quantview.controller.StockControllerTest" time="0.005">
    <system-out><![CDATA[[StockController] /api/stock/predict?ticker=
]]></system-out>
  </testcase>
</testsuite>